{"/home/rafiryd/Documents/Labs/simple-apps/app.js": {"path":"/home/rafiryd/Documents/Labs/simple-apps/app.js","statementMap":{"0":{"start":{"line":1,"column":16},"end":{"line":1,"column":34}},"1":{"start":{"line":2,"column":14},"end":{"line":2,"column":30}},"2":{"start":{"line":3,"column":12},"end":{"line":3,"column":21}},"3":{"start":{"line":4,"column":13},"end":{"line":4,"column":37}},"4":{"start":{"line":5,"column":13},"end":{"line":5,"column":28}},"5":{"start":{"line":8,"column":15},"end":{"line":8,"column":45}},"6":{"start":{"line":9,"column":0},"end":{"line":9,"column":15}},"7":{"start":{"line":10,"column":19},"end":{"line":10,"column":53}},"8":{"start":{"line":13,"column":0},"end":{"line":13,"column":61}},"9":{"start":{"line":15,"column":0},"end":{"line":17,"column":3}},"10":{"start":{"line":16,"column":2},"end":{"line":16,"column":32}},"11":{"start":{"line":19,"column":0},"end":{"line":21,"column":3}},"12":{"start":{"line":20,"column":2},"end":{"line":20,"column":31}},"13":{"start":{"line":23,"column":0},"end":{"line":28,"column":3}},"14":{"start":{"line":24,"column":14},"end":{"line":24,"column":54}},"15":{"start":{"line":25,"column":2},"end":{"line":27,"column":4}},"16":{"start":{"line":26,"column":4},"end":{"line":26,"column":20}},"17":{"start":{"line":30,"column":0},"end":{"line":32,"column":2}},"18":{"start":{"line":31,"column":2},"end":{"line":31,"column":54}},"19":{"start":{"line":34,"column":0},"end":{"line":34,"column":20}}},"fnMap":{"0":{"name":"(anonymous_0)","decl":{"start":{"line":15,"column":17},"end":{"line":15,"column":18}},"loc":{"start":{"line":15,"column":31},"end":{"line":17,"column":1}},"line":15},"1":{"name":"(anonymous_1)","decl":{"start":{"line":19,"column":17},"end":{"line":19,"column":18}},"loc":{"start":{"line":19,"column":31},"end":{"line":21,"column":1}},"line":19},"2":{"name":"(anonymous_2)","decl":{"start":{"line":23,"column":18},"end":{"line":23,"column":19}},"loc":{"start":{"line":23,"column":38},"end":{"line":28,"column":1}},"line":23},"3":{"name":"(anonymous_3)","decl":{"start":{"line":25,"column":23},"end":{"line":25,"column":24}},"loc":{"start":{"line":25,"column":42},"end":{"line":27,"column":3}},"line":25},"4":{"name":"(anonymous_4)","decl":{"start":{"line":30,"column":17},"end":{"line":30,"column":18}},"loc":{"start":{"line":30,"column":23},"end":{"line":32,"column":1}},"line":30}},"branchMap":{"0":{"loc":{"start":{"line":4,"column":13},"end":{"line":4,"column":37}},"type":"binary-expr","locations":[{"start":{"line":4,"column":13},"end":{"line":4,"column":29}},{"start":{"line":4,"column":33},"end":{"line":4,"column":37}}],"line":4}},"s":{"0":1,"1":1,"2":1,"3":1,"4":1,"5":1,"6":1,"7":1,"8":1,"9":1,"10":1,"11":1,"12":1,"13":1,"14":1,"15":1,"16":1,"17":1,"18":1,"19":1},"f":{"0":1,"1":1,"2":1,"3":1,"4":1},"b":{"0":[1,1]},"_coverageSchema":"1a1c01bbd47fc00a2c39e90264f33305004495a9","hash":"b000c2f37961c22c5544eb7d3c97acac87fa7524"}
,"/home/rafiryd/Documents/Labs/simple-apps/middleware/db_connect.js": {"path":"/home/rafiryd/Documents/Labs/simple-apps/middleware/db_connect.js","statementMap":{"0":{"start":{"line":1,"column":14},"end":{"line":1,"column":30}},"1":{"start":{"line":2,"column":0},"end":{"line":2,"column":27}},"2":{"start":{"line":5,"column":19},"end":{"line":10,"column":2}},"3":{"start":{"line":12,"column":0},"end":{"line":12,"column":27}}},"fnMap":{},"branchMap":{},"s":{"0":1,"1":1,"2":1,"3":1},"f":{},"b":{},"_coverageSchema":"1a1c01bbd47fc00a2c39e90264f33305004495a9","hash":"1678b151d85d3449403744a9175f56d6cd5930d4"}
,"/home/rafiryd/Documents/Labs/simple-apps/middleware/logger.js": {"path":"/home/rafiryd/Documents/Labs/simple-apps/middleware/logger.js","statementMap":{"0":{"start":{"line":1,"column":15},"end":{"line":1,"column":32}},"1":{"start":{"line":4,"column":15},"end":{"line":7,"column":1}},"2":{"start":{"line":5,"column":4},"end":{"line":5,"column":96}},"3":{"start":{"line":6,"column":4},"end":{"line":6,"column":11}},"4":{"start":{"line":9,"column":0},"end":{"line":9,"column":23}}},"fnMap":{"0":{"name":"(anonymous_0)","decl":{"start":{"line":4,"column":15},"end":{"line":4,"column":16}},"loc":{"start":{"line":4,"column":35},"end":{"line":7,"column":1}},"line":4}},"branchMap":{},"s":{"0":1,"1":1,"2":4,"3":4,"4":1},"f":{"0":4},"b":{},"_coverageSchema":"1a1c01bbd47fc00a2c39e90264f33305004495a9","hash":"1b8da5bda05924cd5c19eef7530e861353dda202"}
}
